AsiasoftiB2B2CAndroid/app/build/outputs/logs/manifest-merger-debug-report.txt
-- Merging decision tree log ---
manifest
ADDED from src/main/AndroidManifest.xml:2:1-199:12
	package
		ADDED from src/main/AndroidManifest.xml:3:5-36
		INJECTED from src/main/AndroidManifest.xml
		INJECTED from src/main/AndroidManifest.xml
	android:versionName
		ADDED from src/main/AndroidManifest.xml:5:5-30
		INJECTED from src/main/AndroidManifest.xml
		INJECTED from src/main/AndroidManifest.xml
	android:versionCode
		ADDED from src/main/AndroidManifest.xml:4:5-28
		INJECTED from src/main/AndroidManifest.xml
		INJECTED from src/main/AndroidManifest.xml
	xmlns:android
		ADDED from src/main/AndroidManifest.xml:2:11-69
uses-sdk
ADDED from src/main/AndroidManifest.xml:6:1-8:41
	android:targetSdkVersion
		ADDED from src/main/AndroidManifest.xml:8:9-38
		INJECTED from src/main/AndroidManifest.xml
		INJECTED from src/main/AndroidManifest.xml
	android:minSdkVersion
		ADDED from src/main/AndroidManifest.xml:7:9-34
		INJECTED from src/main/AndroidManifest.xml
		INJECTED from src/main/AndroidManifest.xml
uses-permission#android.permission.INTERNET
ADDED from src/main/AndroidManifest.xml:9:5-67
	android:name
		ADDED from src/main/AndroidManifest.xml:9:22-64
uses-permission#android.permission.MOUNT_UNMOUNT_FILESYSTEMS
ADDED from src/main/AndroidManifest.xml:10:5-84
	android:name
		ADDED from src/main/AndroidManifest.xml:10:22-81
uses-permission#android.permission.WRITE_EXTERNAL_STORAGE
ADDED from src/main/AndroidManifest.xml:11:5-81
	android:name
		ADDED from src/main/AndroidManifest.xml:11:22-78
uses-permission#android.permission.GET_ACCOUNTS
ADDED from src/main/AndroidManifest.xml:13:4-70
	android:name
		ADDED from src/main/AndroidManifest.xml:13:21-67
uses-permission#android.permission.USE_CREDENTIALS
ADDED from src/main/AndroidManifest.xml:14:5-74
	android:name
		ADDED from src/main/AndroidManifest.xml:14:22-71
uses-permission#android.permission.MANAGE_ACCOUNTS
ADDED from src/main/AndroidManifest.xml:15:5-74
	android:name
		ADDED from src/main/AndroidManifest.xml:15:22-71
uses-permission#android.permission.AUTHENTICATE_ACCOUNTS
ADDED from src/main/AndroidManifest.xml:16:5-80
	android:name
		ADDED from src/main/AndroidManifest.xml:16:22-77
uses-permission#com.android.launcher.permission.READ_SETTINGS
ADDED from src/main/AndroidManifest.xml:17:5-85
	android:name
		ADDED from src/main/AndroidManifest.xml:17:22-82
uses-permission#android.permission.CHANGE_WIFI_STATE
ADDED from src/main/AndroidManifest.xml:18:5-76
	android:name
		ADDED from src/main/AndroidManifest.xml:18:22-73
uses-permission#android.permission.BROADCAST_STICKY
ADDED from src/main/AndroidManifest.xml:19:5-75
	android:name
		ADDED from src/main/AndroidManifest.xml:19:22-72
uses-permission#android.permission.WRITE_SETTINGS
ADDED from src/main/AndroidManifest.xml:20:5-73
	android:name
		ADDED from src/main/AndroidManifest.xml:20:22-70
uses-permission#android.permission.ACCESS_COARSE_LOCATION
ADDED from src/main/AndroidManifest.xml:22:5-81
	android:name
		ADDED from src/main/AndroidManifest.xml:22:22-78
uses-permission#android.permission.ACCESS_FINE_LOCATION
ADDED from src/main/AndroidManifest.xml:23:5-79
	android:name
		ADDED from src/main/AndroidManifest.xml:23:22-76
uses-permission#android.permission.ACCESS_WIFI_STATE
ADDED from src/main/AndroidManifest.xml:24:5-76
	android:name
		ADDED from src/main/AndroidManifest.xml:24:22-73
uses-permission#android.permission.ACCESS_NETWORK_STATE
ADDED from src/main/AndroidManifest.xml:25:5-79
	android:name
		ADDED from src/main/AndroidManifest.xml:25:22-76
uses-permission#android.permission.READ_PHONE_STATE
ADDED from src/main/AndroidManifest.xml:27:5-75
	android:name
		ADDED from src/main/AndroidManifest.xml:27:22-72
uses-permission#android.permission.READ_LOGS
ADDED from src/main/AndroidManifest.xml:30:5-68
	android:name
		ADDED from src/main/AndroidManifest.xml:30:22-65
uses-permission#android.permission.CALL_PHONE
ADDED from src/main/AndroidManifest.xml:31:5-69
	android:name
		ADDED from src/main/AndroidManifest.xml:31:22-66
supports-screens
ADDED from src/main/AndroidManifest.xml:33:5-38:40
	android:largeScreens
		ADDED from src/main/AndroidManifest.xml:35:9-36
	android:smallScreens
		ADDED from src/main/AndroidManifest.xml:37:9-36
	android:normalScreens
		ADDED from src/main/AndroidManifest.xml:36:9-37
	android:xlargeScreens
		ADDED from src/main/AndroidManifest.xml:38:9-37
	android:anyDensity
		ADDED from src/main/AndroidManifest.xml:34:9-34
application
ADDED from src/main/AndroidManifest.xml:40:5-197:19
	android:label
		ADDED from src/main/AndroidManifest.xml:44:9-41
	android:windowSoftInputMode
		ADDED from src/main/AndroidManifest.xml:47:9-50
	android:debuggable
		ADDED from src/main/AndroidManifest.xml:46:9-34
	android:allowBackup
		ADDED from src/main/AndroidManifest.xml:42:9-35
	android:icon
		ADDED from src/main/AndroidManifest.xml:43:9-40
	android:theme
		ADDED from src/main/AndroidManifest.xml:45:9-45
	android:name
		ADDED from src/main/AndroidManifest.xml:41:9-58
meta-data#AA_DB_NAME
ADDED from src/main/AndroidManifest.xml:48:9-50:46
	android:value
		ADDED from src/main/AndroidManifest.xml:50:13-43
	android:name
		ADDED from src/main/AndroidManifest.xml:49:13-38
meta-data#AA_DB_VERSION
ADDED from src/main/AndroidManifest.xml:51:9-53:33
	android:value
		ADDED from src/main/AndroidManifest.xml:53:13-30
	android:name
		ADDED from src/main/AndroidManifest.xml:52:13-41
activity#net.asiasofti.android.StartActivity
ADDED from src/main/AndroidManifest.xml:55:9-59:20
	android:screenOrientation
		ADDED from src/main/AndroidManifest.xml:58:13-49
	android:label
		ADDED from src/main/AndroidManifest.xml:57:13-45
	android:name
		ADDED from src/main/AndroidManifest.xml:56:13-63
activity#net.asiasofti.android.ui.viewpager.ViewPagerDemoActivity
ADDED from src/main/AndroidManifest.xml:60:9-68:20
	android:screenOrientation
		ADDED from src/main/AndroidManifest.xml:63:13-49
	android:label
		ADDED from src/main/AndroidManifest.xml:62:13-45
	android:name
		ADDED from src/main/AndroidManifest.xml:61:13-84
intent-filter#android.intent.action.MAIN+android.intent.category.LAUNCHER
ADDED from src/main/AndroidManifest.xml:64:13-67:29
action#android.intent.action.MAIN
ADDED from src/main/AndroidManifest.xml:65:17-69
	android:name
		ADDED from src/main/AndroidManifest.xml:65:25-66
category#android.intent.category.LAUNCHER
ADDED from src/main/AndroidManifest.xml:66:17-77
	android:name
		ADDED from src/main/AndroidManifest.xml:66:27-74
activity#net.asiasofti.android.MainActivity
ADDED from src/main/AndroidManifest.xml:69:9-72:57
	android:screenOrientation
		ADDED from src/main/AndroidManifest.xml:71:13-49
	android:windowSoftInputMode
		ADDED from src/main/AndroidManifest.xml:72:13-54
	android:name
		ADDED from src/main/AndroidManifest.xml:70:13-62
activity#net.asiasofti.android.ui.home.HomeActivity
ADDED from src/main/AndroidManifest.xml:73:9-76:57
	android:screenOrientation
		ADDED from src/main/AndroidManifest.xml:75:13-49
	android:windowSoftInputMode
		ADDED from src/main/AndroidManifest.xml:76:13-54
	android:name
		ADDED from src/main/AndroidManifest.xml:74:13-49
activity#net.asiasofti.android.ui.type.TypeAcitivity
ADDED from src/main/AndroidManifest.xml:77:9-80:57
	android:screenOrientation
		ADDED from src/main/AndroidManifest.xml:79:13-49
	android:windowSoftInputMode
		ADDED from src/main/AndroidManifest.xml:80:13-54
	android:name
		ADDED from src/main/AndroidManifest.xml:78:13-50
activity#net.asiasofti.android.ui.type.TypeNextActivity
ADDED from src/main/AndroidManifest.xml:81:9-84:57
	android:screenOrientation
		ADDED from src/main/AndroidManifest.xml:83:13-49
	android:windowSoftInputMode
		ADDED from src/main/AndroidManifest.xml:84:13-54
	android:name
		ADDED from src/main/AndroidManifest.xml:82:13-53
activity#net.asiasofti.android.ui.type.GoodsListViewActivity
ADDED from src/main/AndroidManifest.xml:85:9-88:57
	android:screenOrientation
		ADDED from src/main/AndroidManifest.xml:87:13-49
	android:windowSoftInputMode
		ADDED from src/main/AndroidManifest.xml:88:13-54
	android:name
		ADDED from src/main/AndroidManifest.xml:86:13-58
activity#net.asiasofti.android.ui.type.GoodsTabActivity
ADDED from src/main/AndroidManifest.xml:89:9-92:57
	android:screenOrientation
		ADDED from src/main/AndroidManifest.xml:91:13-49
	android:windowSoftInputMode
		ADDED from src/main/AndroidManifest.xml:92:13-54
	android:name
		ADDED from src/main/AndroidManifest.xml:90:13-53
activity#net.asiasofti.android.ui.type.GoodsDetailsActivity
ADDED from src/main/AndroidManifest.xml:93:9-96:57
	android:screenOrientation
		ADDED from src/main/AndroidManifest.xml:95:13-49
	android:windowSoftInputMode
		ADDED from src/main/AndroidManifest.xml:96:13-54
	android:name
		ADDED from src/main/AndroidManifest.xml:94:13-57
activity#net.asiasofti.android.ui.type.GoodsDetailsWebAcivity
ADDED from src/main/AndroidManifest.xml:97:9-100:57
	android:screenOrientation
		ADDED from src/main/AndroidManifest.xml:99:13-49
	android:windowSoftInputMode
		ADDED from src/main/AndroidManifest.xml:100:13-54
	android:name
		ADDED from src/main/AndroidManifest.xml:98:13-59
activity#net.asiasofti.android.ui.mystore.MyStoreActivity
ADDED from src/main/AndroidManifest.xml:101:9-104:57
	android:screenOrientation
		ADDED from src/main/AndroidManifest.xml:103:13-49
	android:windowSoftInputMode
		ADDED from src/main/AndroidManifest.xml:104:13-54
	android:name
		ADDED from src/main/AndroidManifest.xml:102:13-55
activity#net.asiasofti.android.ui.mystore.RegisteredActivity
ADDED from src/main/AndroidManifest.xml:105:9-108:57
	android:screenOrientation
		ADDED from src/main/AndroidManifest.xml:107:13-49
	android:windowSoftInputMode
		ADDED from src/main/AndroidManifest.xml:108:13-54
	android:name
		ADDED from src/main/AndroidManifest.xml:106:13-58
activity#net.asiasofti.android.ui.mystore.FavoritesListActivity
ADDED from src/main/AndroidManifest.xml:109:9-112:57
	android:screenOrientation
		ADDED from src/main/AndroidManifest.xml:111:13-49
	android:windowSoftInputMode
		ADDED from src/main/AndroidManifest.xml:112:13-54
	android:name
		ADDED from src/main/AndroidManifest.xml:110:13-61
activity#net.asiasofti.android.ui.mystore.BaiDuDiTuActivity
ADDED from src/main/AndroidManifest.xml:113:9-116:57
	android:screenOrientation
		ADDED from src/main/AndroidManifest.xml:115:13-49
	android:windowSoftInputMode
		ADDED from src/main/AndroidManifest.xml:116:13-54
	android:name
		ADDED from src/main/AndroidManifest.xml:114:13-57
activity#net.asiasofti.android.ui.mystore.PayMentWebAcivity
ADDED from src/main/AndroidManifest.xml:117:9-120:57
	android:screenOrientation
		ADDED from src/main/AndroidManifest.xml:119:13-49
	android:windowSoftInputMode
		ADDED from src/main/AndroidManifest.xml:120:13-54
	android:name
		ADDED from src/main/AndroidManifest.xml:118:13-57
activity#net.asiasofti.android.ui.mystore.LoginActivity
ADDED from src/main/AndroidManifest.xml:121:9-124:57
	android:screenOrientation
		ADDED from src/main/AndroidManifest.xml:123:13-49
	android:windowSoftInputMode
		ADDED from src/main/AndroidManifest.xml:124:13-54
	android:name
		ADDED from src/main/AndroidManifest.xml:122:13-53
activity#net.asiasofti.android.ui.mystore.AddressListActivity
ADDED from src/main/AndroidManifest.xml:125:9-128:57
	android:screenOrientation
		ADDED from src/main/AndroidManifest.xml:127:13-49
	android:windowSoftInputMode
		ADDED from src/main/AndroidManifest.xml:128:13-54
	android:name
		ADDED from src/main/AndroidManifest.xml:126:13-59
activity#net.asiasofti.android.ui.mystore.FeekBaskActivity
ADDED from src/main/AndroidManifest.xml:129:9-132:57
	android:screenOrientation
		ADDED from src/main/AndroidManifest.xml:131:13-49
	android:windowSoftInputMode
		ADDED from src/main/AndroidManifest.xml:132:13-54
	android:name
		ADDED from src/main/AndroidManifest.xml:130:13-56
activity#net.asiasofti.android.ui.mystore.AddressEditActivity
ADDED from src/main/AndroidManifest.xml:133:9-136:57
	android:screenOrientation
		ADDED from src/main/AndroidManifest.xml:135:13-49
	android:windowSoftInputMode
		ADDED from src/main/AndroidManifest.xml:136:13-54
	android:name
		ADDED from src/main/AndroidManifest.xml:134:13-59
activity#net.asiasofti.android.ui.mystore.AddressAddActivity
ADDED from src/main/AndroidManifest.xml:137:9-140:57
	android:screenOrientation
		ADDED from src/main/AndroidManifest.xml:139:13-49
	android:windowSoftInputMode
		ADDED from src/main/AndroidManifest.xml:140:13-54
	android:name
		ADDED from src/main/AndroidManifest.xml:138:13-58
activity#net.asiasofti.android.ui.mystore.OrderListActivity
ADDED from src/main/AndroidManifest.xml:141:9-144:57
	android:screenOrientation
		ADDED from src/main/AndroidManifest.xml:143:13-49
	android:windowSoftInputMode
		ADDED from src/main/AndroidManifest.xml:144:13-54
	android:name
		ADDED from src/main/AndroidManifest.xml:142:13-57
activity#net.asiasofti.android.ui.mystore.SettingActivity
ADDED from src/main/AndroidManifest.xml:145:9-148:57
	android:screenOrientation
		ADDED from src/main/AndroidManifest.xml:147:13-49
	android:windowSoftInputMode
		ADDED from src/main/AndroidManifest.xml:148:13-54
	android:name
		ADDED from src/main/AndroidManifest.xml:146:13-55
activity#net.asiasofti.android.ui.type.BuyStep1Activity
ADDED from src/main/AndroidManifest.xml:149:9-152:57
	android:screenOrientation
		ADDED from src/main/AndroidManifest.xml:151:13-49
	android:windowSoftInputMode
		ADDED from src/main/AndroidManifest.xml:152:13-54
	android:name
		ADDED from src/main/AndroidManifest.xml:150:13-53
activity#net.asiasofti.android.ui.type.BuyAddressListActivity
ADDED from src/main/AndroidManifest.xml:153:9-156:57
	android:screenOrientation
		ADDED from src/main/AndroidManifest.xml:155:13-49
	android:windowSoftInputMode
		ADDED from src/main/AndroidManifest.xml:156:13-54
	android:name
		ADDED from src/main/AndroidManifest.xml:154:13-59
activity#net.asiasofti.android.ui.mystore.HistoryBrowseListActivity
ADDED from src/main/AndroidManifest.xml:157:9-160:57
	android:screenOrientation
		ADDED from src/main/AndroidManifest.xml:159:13-49
	android:windowSoftInputMode
		ADDED from src/main/AndroidManifest.xml:160:13-54
	android:name
		ADDED from src/main/AndroidManifest.xml:158:13-65
activity#net.asiasofti.android.ui.search.SearchActivity
ADDED from src/main/AndroidManifest.xml:161:9-164:57
	android:screenOrientation
		ADDED from src/main/AndroidManifest.xml:163:13-49
	android:windowSoftInputMode
		ADDED from src/main/AndroidManifest.xml:164:13-54
	android:name
		ADDED from src/main/AndroidManifest.xml:162:13-53
activity#net.asiasofti.android.ui.more.AboutActivity
ADDED from src/main/AndroidManifest.xml:165:9-168:57
	android:screenOrientation
		ADDED from src/main/AndroidManifest.xml:167:13-49
	android:windowSoftInputMode
		ADDED from src/main/AndroidManifest.xml:168:13-54
	android:name
		ADDED from src/main/AndroidManifest.xml:166:13-50
activity#net.asiasofti.android.ui.cart.CartActivity
ADDED from src/main/AndroidManifest.xml:169:9-172:57
	android:screenOrientation
		ADDED from src/main/AndroidManifest.xml:171:13-49
	android:windowSoftInputMode
		ADDED from src/main/AndroidManifest.xml:172:13-54
	android:name
		ADDED from src/main/AndroidManifest.xml:170:13-49
activity#net.asiasofti.android.ui.mystore.HelpActivity
ADDED from src/main/AndroidManifest.xml:173:9-176:57
	android:screenOrientation
		ADDED from src/main/AndroidManifest.xml:175:13-49
	android:windowSoftInputMode
		ADDED from src/main/AndroidManifest.xml:176:13-54
	android:name
		ADDED from src/main/AndroidManifest.xml:174:13-52
activity#net.asiasofti.android.ui.mr.CityActivity
ADDED from src/main/AndroidManifest.xml:177:9-180:57
	android:screenOrientation
		ADDED from src/main/AndroidManifest.xml:179:13-49
	android:windowSoftInputMode
		ADDED from src/main/AndroidManifest.xml:180:13-54
	android:name
		ADDED from src/main/AndroidManifest.xml:178:13-68
service#net.asiasofti.android.ui.mystore.LocationService
ADDED from src/main/AndroidManifest.xml:181:9-182:19
	android:name
		ADDED from src/main/AndroidManifest.xml:181:18-60
meta-data#com.baidu.lbsapi.API_KEY
ADDED from src/main/AndroidManifest.xml:184:10-186:56
	android:value
		ADDED from src/main/AndroidManifest.xml:186:13-53
	android:name
		ADDED from src/main/AndroidManifest.xml:185:13-52
service#com.baidu.location.f
ADDED from src/main/AndroidManifest.xml:187:9-191:19
	android:enabled
		ADDED from src/main/AndroidManifest.xml:189:13-35
	android:process
		ADDED from src/main/AndroidManifest.xml:190:13-38
	android:name
		ADDED from src/main/AndroidManifest.xml:188:13-48
activity#net.asiasofti.android.baidu.BNavigattorActivity
ADDED from src/main/AndroidManifest.xml:192:9-194:86
	android:configChanges
		ADDED from src/main/AndroidManifest.xml:194:13-83
	android:name
		ADDED from src/main/AndroidManifest.xml:193:13-75
activity#net.asiasofti.android.baidu.BaiDuActivity
ADDED from src/main/AndroidManifest.xml:195:9-196:20
	android:name
		ADDED from src/main/AndroidManifest.xml:195:19-75